<?xml version="1.0" encoding="UTF-8"?>
<datasources>    
    <datasource jndi-name="java:jboss/datasources/credential-manager-testDS" pool-name="CredentialTestPool" enabled="true" use-java-context="true">
        <connection-url>jdbc:h2:mem:test;DB_CLOSE_DELAY=0;IGNORECASE=TRUE;DB_CLOSE_ON_EXIT=FALSE;MODE=MYSQL</connection-url>
        <driver>h2</driver>
        <security>
            <user-name>sa</user-name>
            <password>sa</password>
        </security>
    </datasource>
</datasources> 